<?xml version="1.0" encoding="UTF-8" ?>
<testsuite tests="7" failures="7" name="CalculatorTest" time="0.001" errors="0" skipped="0">
  <properties>
    <property name="idea.version" value="2022.2.2"/>
    <property name="java.runtime.name" value="Java(TM) SE Runtime Environment"/>
    <property name="java.vm.version" value="17.0.4.1+1-LTS-2"/>
    <property name="sun.boot.library.path" value="C:\Program Files\Java\jdk-17.0.4.1\bin"/>
    <property name="maven.multiModuleProjectDirectory" value="C:\Users\DJEBARRIAmrane\OneDrive - STANWELL CONSULTING\Bureau\Projets_Autonomes\JUNIT\Calculator"/>
    <property name="java.vm.vendor" value="Oracle Corporation"/>
    <property name="java.vendor.url" value="https://java.oracle.com/"/>
    <property name="guice.disable.misplaced.annotation.check" value="true"/>
    <property name="path.separator" value=";"/>
    <property name="java.vm.name" value="Java HotSpot(TM) 64-Bit Server VM"/>
    <property name="sun.os.patch.level" value=""/>
    <property name="user.script" value=""/>
    <property name="user.country" value="FR"/>
    <property name="sun.java.launcher" value="SUN_STANDARD"/>
    <property name="java.vm.specification.name" value="Java Virtual Machine Specification"/>
    <property name="user.dir" value="C:\Users\DJEBARRIAmrane\OneDrive - STANWELL CONSULTING\Bureau\Projets_Autonomes\JUNIT\Calculator"/>
    <property name="java.vm.compressedOopsMode" value="Zero based"/>
    <property name="java.runtime.version" value="17.0.4.1+1-LTS-2"/>
    <property name="os.arch" value="amd64"/>
    <property name="java.io.tmpdir" value="C:\Users\DJEBAR~1\AppData\Local\Temp\"/>
    <property name="line.separator" value="
"/>
    <property name="java.vm.specification.vendor" value="Oracle Corporation"/>
    <property name="user.variant" value=""/>
    <property name="os.name" value="Windows 10"/>
    <property name="maven.ext.class.path" value="C:\Program Files\JetBrains\IntelliJ IDEA Community Edition 2022.2.2\plugins\maven\lib\maven-event-listener.jar"/>
    <property name="classworlds.conf" value="C:\Program Files\JetBrains\IntelliJ IDEA Community Edition 2022.2.2\plugins\maven\lib\maven3\bin\m2.conf"/>
    <property name="sun.jnu.encoding" value="Cp1252"/>
    <property name="java.library.path" value="C:\Program Files\Java\jdk-17.0.4.1\bin;C:\Windows\Sun\Java\bin;C:\Windows\system32;C:\Windows;C:\Python310\Scripts\;C:\Python310\;C:\Program Files\Common Files\Oracle\Java\javapath;C:\Windows\system32;C:\Windows;C:\Windows\System32\Wbem;C:\Windows\System32\WindowsPowerShell\v1.0\;C:\Windows\System32\OpenSSH\;C:\Program Files\nodejs\;C:\ProgramData\chocolatey\bin;;C:\Program Files\Docker\Docker\resources\bin;C:\ProgramData\DockerDesktop\version-bin;C:\Users\DJEBARRIAmrane\AppData\Local\Microsoft\WindowsApps;C:\Users\DJEBARRIAmrane\AppData\Roaming\npm;C:\Users\DJEBARRIAmrane\AppData\Local\Programs\Microsoft VS Code\bin;."/>
    <property name="maven.conf" value="C:\Program Files\JetBrains\IntelliJ IDEA Community Edition 2022.2.2\plugins\maven\lib\maven3/conf"/>
    <property name="jdk.debug" value="release"/>
    <property name="java.class.version" value="61.0"/>
    <property name="java.specification.name" value="Java Platform API Specification"/>
    <property name="sun.management.compiler" value="HotSpot 64-Bit Tiered Compilers"/>
    <property name="os.version" value="10.0"/>
    <property name="user.home" value="C:\Users\DJEBARRIAmrane"/>
    <property name="user.timezone" value="Europe/Paris"/>
    <property name="file.encoding" value="UTF-8"/>
    <property name="java.specification.version" value="17"/>
    <property name="user.name" value="DJEBARRIAmrane"/>
    <property name="java.class.path" value="C:\Program Files\JetBrains\IntelliJ IDEA Community Edition 2022.2.2\plugins\maven\lib\maven3\boot\plexus-classworlds-2.6.0.jar;C:\Program Files\JetBrains\IntelliJ IDEA Community Edition 2022.2.2\plugins\maven\lib\maven3\boot\plexus-classworlds.license"/>
    <property name="java.vm.specification.version" value="17"/>
    <property name="sun.arch.data.model" value="64"/>
    <property name="sun.java.command" value="org.codehaus.classworlds.Launcher -Didea.version=2022.2.2 test"/>
    <property name="java.home" value="C:\Program Files\Java\jdk-17.0.4.1"/>
    <property name="user.language" value="fr"/>
    <property name="java.specification.vendor" value="Oracle Corporation"/>
    <property name="java.vm.info" value="mixed mode, sharing"/>
    <property name="java.version" value="17.0.4.1"/>
    <property name="native.encoding" value="Cp1252"/>
    <property name="java.vendor" value="Oracle Corporation"/>
    <property name="maven.home" value="C:\Program Files\JetBrains\IntelliJ IDEA Community Edition 2022.2.2\plugins\maven\lib\maven3"/>
    <property name="file.separator" value="\"/>
    <property name="java.version.date" value="2022-08-18"/>
    <property name="java.vendor.url.bug" value="https://bugreport.java.com/bugreport/"/>
    <property name="sun.io.unicode.encoding" value="UnicodeLittle"/>
    <property name="sun.cpu.endian" value="little"/>
    <property name="sun.cpu.isalist" value="amd64"/>
  </properties>
  <testcase classname="CalculatorTest" name="CalculatorTest.testExtractEachNumberNegative" time="0.001">
    <failure message="Cannot invoke &quot;Calculator.extractEachNumber(int)&quot; because &quot;this.calculator&quot; is null" type="java.lang.NullPointerException">java.lang.NullPointerException: Cannot invoke &quot;Calculator.extractEachNumber(int)&quot; because &quot;this.calculator&quot; is null
	at CalculatorTest.testExtractEachNumberNegative(CalculatorTest.java:128)
</failure>
  </testcase>
  <testcase classname="CalculatorTest" name="CalculatorTest.testExtractEachNumber2" time="0">
    <failure message="Cannot invoke &quot;Calculator.extractEachNumber(int)&quot; because &quot;this.calculator&quot; is null" type="java.lang.NullPointerException">java.lang.NullPointerException: Cannot invoke &quot;Calculator.extractEachNumber(int)&quot; because &quot;this.calculator&quot; is null
	at CalculatorTest.testExtractEachNumber2(CalculatorTest.java:108)
</failure>
  </testcase>
  <testcase classname="CalculatorTest" name="CalculatorTest.testMultiplyDoubles" time="0">
    <failure message="Cannot invoke &quot;Calculator.multiply(double, double)&quot; because &quot;this.calculator&quot; is null" type="java.lang.NullPointerException">java.lang.NullPointerException: Cannot invoke &quot;Calculator.multiply(double, double)&quot; because &quot;this.calculator&quot; is null
	at CalculatorTest.testMultiplyDoubles(CalculatorTest.java:150)
</failure>
  </testcase>
  <testcase classname="CalculatorTest" name="CalculatorTest.testExtractEachNumber" time="0">
    <failure message="Cannot invoke &quot;Calculator.extractEachNumber(int)&quot; because &quot;this.calculator&quot; is null" type="java.lang.NullPointerException">java.lang.NullPointerException: Cannot invoke &quot;Calculator.extractEachNumber(int)&quot; because &quot;this.calculator&quot; is null
	at CalculatorTest.testExtractEachNumber(CalculatorTest.java:97)
</failure>
  </testcase>
  <testcase classname="CalculatorTest" name="CalculatorTest.testExtractEachNumberZero" time="0">
    <failure message="Cannot invoke &quot;Calculator.extractEachNumber(int)&quot; because &quot;this.calculator&quot; is null" type="java.lang.NullPointerException">java.lang.NullPointerException: Cannot invoke &quot;Calculator.extractEachNumber(int)&quot; because &quot;this.calculator&quot; is null
	at CalculatorTest.testExtractEachNumberZero(CalculatorTest.java:119)
</failure>
  </testcase>
  <testcase classname="CalculatorTest" name="CalculatorTest.testLongCalcule" time="0">
    <failure message="Cannot invoke &quot;Calculator.longCalculation()&quot; because &quot;this.calculator&quot; is null" type="java.lang.NullPointerException">java.lang.NullPointerException: Cannot invoke &quot;Calculator.longCalculation()&quot; because &quot;this.calculator&quot; is null
	at CalculatorTest.testLongCalcule(CalculatorTest.java:88)
</failure>
  </testcase>
  <testcase classname="CalculatorTest" name="CalculatorTest.testAddDoubles" time="0">
    <failure message="Cannot invoke &quot;Calculator.add(double, double)&quot; because &quot;this.calculator&quot; is null" type="java.lang.NullPointerException">java.lang.NullPointerException: Cannot invoke &quot;Calculator.add(double, double)&quot; because &quot;this.calculator&quot; is null
	at CalculatorTest.testAddDoubles(CalculatorTest.java:139)
</failure>
  </testcase>
</testsuite>